<?xml version="1.0" encoding="UTF-8"?>
<testsuites name="New Test" time="10" tests="2" failures="0" errors="0">
   <testsuite name="New Test" tests="2" failures="0" errors="0" time="10" timestamp="2019-04-03 20:15:11" hostname="BappY - Toruk-Macto" id="Test Suites/TryingTest/New Test">
      <properties>
         <property name="deviceName" value=""/>
         <property name="devicePlatform" value=""/>
         <property name="logFolder" value="C:\\Users\\BappY\\Katalon Studio\\API Testing Sample Projects\\Reports\\TryingTest\\New Test\\20190403_201502"/>
         <property name="logFiles" value="C:\\Users\\BappY\\Katalon Studio\\API Testing Sample Projects\\Reports\\TryingTest\\New Test\\20190403_201502\\execution0.log"/>
         <property name="attachments" value=""/>
         <property name="hostName" value="BappY - Toruk-Macto"/>
         <property name="hostAddress" value="10.244.50.2"/>
         <property name="os" value="Windows 10 64bit"/>
         <property name="katalonVersion" value="6.0.4.7"/>
      </properties>
      <testcase name="Test Cases/RESTHTTPMethodsTest" classname="Test Cases/RESTHTTPMethodsTest" status="PASSED">
         <system-out><![CDATA[2019-04-03 20:15:11 - [TEST_CASE][PASSED] - Test Cases/RESTHTTPMethodsTest: Test Cases/RESTHTTPMethodsTest

2019-04-03 20:15:11 - [TEST_STEP][PASSED] - sendRequestAndVerify(findTestObject("RESTWebServiceRequest/ListUsers")): Send request and verify the response successfully

2019-04-03 20:15:16 - [TEST_CASE][PASSED] - Start Test Case : Verification: Verification accomplished successfully

2019-04-03 20:15:16 - [TEST_STEP][PASSED] - request = getInstance().getCurrentRequest(): null

2019-04-03 20:15:16 - [TEST_STEP][PASSED] - response = getInstance().getCurrentResponse(): null

2019-04-03 20:15:16 - [TEST_STEP][PASSED] - verifyResponseStatusCode(response, 200): Verify response status code successfully

2019-04-03 20:15:16 - [MESSAGE][PASSED] - Verify response status code successfully

2019-04-03 20:15:16 - [TEST_STEP][PASSED] - getStatusCode()).isEqualTo(200): null

2019-04-03 20:15:16 - [TEST_STEP][PASSED] - verifyElementPropertyValue(response, "data[1].first_name", "Charles"): Verify element property value successfully

2019-04-03 20:15:16 - [MESSAGE][PASSED] - Verify element property value successfully

2019-04-03 20:15:16 - [MESSAGE][PASSED] - Verify response successfully

2019-04-03 20:15:16 - [MESSAGE][PASSED] - Send request and verify the response successfully

2019-04-03 20:15:16 - [TEST_STEP][PASSED] - sendRequestAndVerify(findTestObject("RESTWebServiceRequest/DeleteUsers")): Send request and verify the response successfully

2019-04-03 20:15:17 - [TEST_CASE][PASSED] - Start Test Case : Verification: Verification accomplished successfully

2019-04-03 20:15:17 - [TEST_STEP][PASSED] - request = getInstance().getCurrentRequest(): null

2019-04-03 20:15:17 - [TEST_STEP][PASSED] - response = getInstance().getCurrentResponse(): null

2019-04-03 20:15:17 - [TEST_STEP][PASSED] - verifyResponseStatusCode(response, 204): Verify response status code successfully

2019-04-03 20:15:17 - [MESSAGE][PASSED] - Verify response status code successfully

2019-04-03 20:15:17 - [TEST_STEP][PASSED] - getStatusCode()).isEqualTo(204): null

2019-04-03 20:15:17 - [MESSAGE][PASSED] - Verify response successfully

2019-04-03 20:15:17 - [MESSAGE][PASSED] - Send request and verify the response successfully

2019-04-03 20:15:17 - [TEST_STEP][PASSED] - sendRequestAndVerify(findTestObject("RESTWebServiceRequest/CreateUsers")): Send request and verify the response successfully

2019-04-03 20:15:18 - [TEST_CASE][PASSED] - Start Test Case : Verification: Verification accomplished successfully

2019-04-03 20:15:18 - [TEST_STEP][PASSED] - request = getInstance().getCurrentRequest(): null

2019-04-03 20:15:18 - [TEST_STEP][PASSED] - response = getInstance().getCurrentResponse(): null

2019-04-03 20:15:18 - [TEST_STEP][PASSED] - verifyResponseStatusCode(response, 201): Verify response status code successfully

2019-04-03 20:15:18 - [MESSAGE][PASSED] - Verify response status code successfully

2019-04-03 20:15:18 - [TEST_STEP][PASSED] - getStatusCode()).isEqualTo(201): null

2019-04-03 20:15:18 - [MESSAGE][PASSED] - Verify response successfully

2019-04-03 20:15:18 - [MESSAGE][PASSED] - Send request and verify the response successfully

2019-04-03 20:15:18 - [TEST_STEP][PASSED] - sendRequestAndVerify(findTestObject("RESTWebServiceRequest/UpdateUsers")): Send request and verify the response successfully

2019-04-03 20:15:19 - [TEST_CASE][PASSED] - Start Test Case : Verification: Verification accomplished successfully

2019-04-03 20:15:19 - [TEST_STEP][PASSED] - request = getInstance().getCurrentRequest(): null

2019-04-03 20:15:19 - [TEST_STEP][PASSED] - response = getInstance().getCurrentResponse(): null

2019-04-03 20:15:19 - [TEST_STEP][PASSED] - verifyResponseStatusCode(response, 200): Verify response status code successfully

2019-04-03 20:15:19 - [MESSAGE][PASSED] - Verify response status code successfully

2019-04-03 20:15:19 - [TEST_STEP][PASSED] - getStatusCode()).isEqualTo(200): null

2019-04-03 20:15:19 - [MESSAGE][PASSED] - Verify response successfully

2019-04-03 20:15:19 - [MESSAGE][PASSED] - Send request and verify the response successfully]]></system-out>
         <system-err><![CDATA[]]></system-err>
      </testcase>
      <testcase name="Test Cases/RESTListUsersTest" classname="Test Cases/RESTListUsersTest" status="PASSED">
         <system-out><![CDATA[2019-04-03 20:15:19 - [TEST_CASE][PASSED] - Test Cases/RESTListUsersTest: Test Cases/RESTListUsersTest

2019-04-03 20:15:19 - [TEST_STEP][PASSED] - sendRequest(findTestObject("RESTWebServiceRequest/ListUsers")): Send request successfully

2019-04-03 20:15:20 - [MESSAGE][INFO] - HAR: C:\Users\BappY\Katalon Studio\API Testing Sample Projects\Reports\TryingTest\New Test\20190403_201502\requests\main\0.har

2019-04-03 20:15:20 - [MESSAGE][PASSED] - Send request successfully

2019-04-03 20:15:20 - [TEST_STEP][PASSED] - response = sendRequestAndVerify(findTestObject("RESTWebServiceRequest/ListUsers")): Send request and verify the response successfully

2019-04-03 20:15:21 - [TEST_CASE][PASSED] - Start Test Case : Verification: Verification accomplished successfully

2019-04-03 20:15:21 - [TEST_STEP][PASSED] - request = getInstance().getCurrentRequest(): null

2019-04-03 20:15:21 - [TEST_STEP][PASSED] - response = getInstance().getCurrentResponse(): null

2019-04-03 20:15:21 - [TEST_STEP][PASSED] - verifyResponseStatusCode(response, 200): Verify response status code successfully

2019-04-03 20:15:21 - [MESSAGE][PASSED] - Verify response status code successfully

2019-04-03 20:15:21 - [TEST_STEP][PASSED] - getStatusCode()).isEqualTo(200): null

2019-04-03 20:15:21 - [TEST_STEP][PASSED] - verifyElementPropertyValue(response, "data[1].first_name", "Charles"): Verify element property value successfully

2019-04-03 20:15:21 - [MESSAGE][PASSED] - Verify element property value successfully

2019-04-03 20:15:21 - [MESSAGE][PASSED] - Verify response successfully

2019-04-03 20:15:21 - [MESSAGE][PASSED] - Send request and verify the response successfully

2019-04-03 20:15:21 - [TEST_STEP][PASSED] - verifyElementPropertyValue(response, "data[1].first_name", "Charles"): Verify element property value successfully

2019-04-03 20:15:21 - [MESSAGE][PASSED] - Verify element property value successfully

2019-04-03 20:15:21 - [TEST_STEP][PASSED] - verifyElementPropertyValue(response, "data[2].id", "6"): Verify element property value successfully

2019-04-03 20:15:21 - [MESSAGE][PASSED] - Verify element property value successfully

2019-04-03 20:15:21 - [TEST_STEP][PASSED] - verifyElementsCount(response, "data", 3): Verify element count successfully

2019-04-03 20:15:21 - [MESSAGE][PASSED] - Verify element count successfully

2019-04-03 20:15:21 - [TEST_STEP][PASSED] - verifyElementsCount(response, "data", 2, OPTIONAL): Expected elements count 2 is not equal with actual count 3

2019-04-03 20:15:21 - [MESSAGE][WARNING] - Expected elements count 2 is not equal with actual count 3

2019-04-03 20:15:21 - [TEST_STEP][PASSED] - verifyResponseStatusCodeInRange(response, 100, 200): Verify response status code successfully

2019-04-03 20:15:21 - [MESSAGE][PASSED] - Verify response status code successfully]]></system-out>
         <system-err><![CDATA[]]></system-err>
      </testcase>
      <system-out><![CDATA[2019-04-03 20:15:11 - [TEST_SUITE][PASSED] - New Test: Test Cases/RESTListUsersTest]]></system-out>
      <system-err><![CDATA[]]></system-err>
   </testsuite>
</testsuites>
