<?xml version="1.0" encoding="UTF-8"?>
<testsuites name="Console Mode" time="8" tests="1" failures="0" errors="0">
   <testsuite name="Console Mode" tests="1" failures="0" errors="0" time="8" timestamp="2019-04-03 20:59:00" hostname="BappY - Toruk-Macto" id="Test Suites/TryingCMD/Console Mode">
      <properties>
         <property name="deviceName" value=""/>
         <property name="devicePlatform" value=""/>
         <property name="logFolder" value="C:\\Users\\BappY\\Katalon Studio\\API Testing Sample Projects\\Reports\\TryingCMD\\Console Mode\\20190403_205849"/>
         <property name="logFiles" value="C:\\Users\\BappY\\Katalon Studio\\API Testing Sample Projects\\Reports\\TryingCMD\\Console Mode\\20190403_205849\\execution0.log"/>
         <property name="attachments" value=""/>
         <property name="hostName" value="BappY - Toruk-Macto"/>
         <property name="hostAddress" value="10.244.50.2"/>
         <property name="os" value="Windows 10 64bit"/>
         <property name="katalonVersion" value="6.0.4.7"/>
      </properties>
      <testcase name="Test Cases/RESTHTTPMethodsTest" classname="Test Cases/RESTHTTPMethodsTest" status="PASSED">
         <system-out><![CDATA[2019-04-03 20:59:01 - [TEST_CASE][PASSED] - Test Cases/RESTHTTPMethodsTest: Test Cases/RESTHTTPMethodsTest

2019-04-03 20:59:01 - [TEST_STEP][PASSED] - sendRequestAndVerify(findTestObject("RESTWebServiceRequest/ListUsers")): Send request and verify the response successfully

2019-04-03 20:59:06 - [TEST_CASE][PASSED] - Start Test Case : Verification: Verification accomplished successfully

2019-04-03 20:59:06 - [TEST_STEP][PASSED] - request = getInstance().getCurrentRequest(): null

2019-04-03 20:59:06 - [TEST_STEP][PASSED] - response = getInstance().getCurrentResponse(): null

2019-04-03 20:59:06 - [TEST_STEP][PASSED] - verifyResponseStatusCode(response, 200): Verify response status code successfully

2019-04-03 20:59:06 - [MESSAGE][PASSED] - Verify response status code successfully

2019-04-03 20:59:06 - [TEST_STEP][PASSED] - getStatusCode()).isEqualTo(200): null

2019-04-03 20:59:06 - [TEST_STEP][PASSED] - verifyElementPropertyValue(response, "data[1].first_name", "Charles"): Verify element property value successfully

2019-04-03 20:59:06 - [MESSAGE][PASSED] - Verify element property value successfully

2019-04-03 20:59:06 - [MESSAGE][PASSED] - Verify response successfully

2019-04-03 20:59:06 - [MESSAGE][PASSED] - Send request and verify the response successfully

2019-04-03 20:59:06 - [TEST_STEP][PASSED] - sendRequestAndVerify(findTestObject("RESTWebServiceRequest/DeleteUsers")): Send request and verify the response successfully

2019-04-03 20:59:07 - [TEST_CASE][PASSED] - Start Test Case : Verification: Verification accomplished successfully

2019-04-03 20:59:07 - [TEST_STEP][PASSED] - request = getInstance().getCurrentRequest(): null

2019-04-03 20:59:07 - [TEST_STEP][PASSED] - response = getInstance().getCurrentResponse(): null

2019-04-03 20:59:07 - [TEST_STEP][PASSED] - verifyResponseStatusCode(response, 204): Verify response status code successfully

2019-04-03 20:59:07 - [MESSAGE][PASSED] - Verify response status code successfully

2019-04-03 20:59:07 - [TEST_STEP][PASSED] - getStatusCode()).isEqualTo(204): null

2019-04-03 20:59:07 - [MESSAGE][PASSED] - Verify response successfully

2019-04-03 20:59:07 - [MESSAGE][PASSED] - Send request and verify the response successfully

2019-04-03 20:59:07 - [TEST_STEP][PASSED] - sendRequestAndVerify(findTestObject("RESTWebServiceRequest/CreateUsers")): Send request and verify the response successfully

2019-04-03 20:59:08 - [TEST_CASE][PASSED] - Start Test Case : Verification: Verification accomplished successfully

2019-04-03 20:59:08 - [TEST_STEP][PASSED] - request = getInstance().getCurrentRequest(): null

2019-04-03 20:59:08 - [TEST_STEP][PASSED] - response = getInstance().getCurrentResponse(): null

2019-04-03 20:59:08 - [TEST_STEP][PASSED] - verifyResponseStatusCode(response, 201): Verify response status code successfully

2019-04-03 20:59:08 - [MESSAGE][PASSED] - Verify response status code successfully

2019-04-03 20:59:08 - [TEST_STEP][PASSED] - getStatusCode()).isEqualTo(201): null

2019-04-03 20:59:08 - [MESSAGE][PASSED] - Verify response successfully

2019-04-03 20:59:08 - [MESSAGE][PASSED] - Send request and verify the response successfully

2019-04-03 20:59:08 - [TEST_STEP][PASSED] - sendRequestAndVerify(findTestObject("RESTWebServiceRequest/UpdateUsers")): Send request and verify the response successfully

2019-04-03 20:59:08 - [TEST_CASE][PASSED] - Start Test Case : Verification: Verification accomplished successfully

2019-04-03 20:59:08 - [TEST_STEP][PASSED] - request = getInstance().getCurrentRequest(): null

2019-04-03 20:59:08 - [TEST_STEP][PASSED] - response = getInstance().getCurrentResponse(): null

2019-04-03 20:59:08 - [TEST_STEP][PASSED] - verifyResponseStatusCode(response, 200): Verify response status code successfully

2019-04-03 20:59:09 - [MESSAGE][PASSED] - Verify response status code successfully

2019-04-03 20:59:09 - [TEST_STEP][PASSED] - getStatusCode()).isEqualTo(200): null

2019-04-03 20:59:09 - [MESSAGE][PASSED] - Verify response successfully

2019-04-03 20:59:09 - [MESSAGE][PASSED] - Send request and verify the response successfully]]></system-out>
         <system-err><![CDATA[]]></system-err>
      </testcase>
      <system-out><![CDATA[2019-04-03 20:59:00 - [TEST_SUITE][PASSED] - Console Mode: Test Cases/RESTHTTPMethodsTest]]></system-out>
      <system-err><![CDATA[]]></system-err>
   </testsuite>
</testsuites>
